
> vibe-generated-app@1.0.0 dev
> vite


  VITE v5.4.20  ready in 272 ms

  ➜  Local:   http://localhost:3000/
  ➜  Network: http://172.20.0.221:3000/
1:48:13 PM [vite] Pre-transform error: Transform failed with 1 error:
/home/workspace/src/components/Hero3D.jsx:85:14: ERROR: Expected ")" but found "as"
1:48:13 PM [vite] Internal server error: Transform failed with 1 error:
/home/workspace/src/components/Hero3D.jsx:85:14: ERROR: Expected ")" but found "as"
  Plugin: vite:esbuild
  File: /home/workspace/src/components/Hero3D.jsx:85:14
  
  Expected ")" but found "as"
  83 |        active.tagName === 'INPUT' ||
  84 |        active.tagName === 'TEXTAREA' ||
  85 |        (active as HTMLElement).isContentEditable
     |                ^
  86 |      )
  87 |  
  
      at failureErrorWithLog (/home/workspace/node_modules/esbuild/lib/main.js:1472:15)
      at /home/workspace/node_modules/esbuild/lib/main.js:755:50
      at responseCallbacks.<computed> (/home/workspace/node_modules/esbuild/lib/main.js:622:9)
      at handleIncomingPacket (/home/workspace/node_modules/esbuild/lib/main.js:677:12)
      at Socket.readFromStdout (/home/workspace/node_modules/esbuild/lib/main.js:600:7)
      at Socket.emit (node:events:508:28)
      at addChunk (node:internal/streams/readable:559:12)
      at readableAddChunkPushByteMode (node:internal/streams/readable:510:3)
      at Readable.push (node:internal/streams/readable:390:5)
      at Pipe.onStreamRead (node:internal/stream_base_commons:189:23)
1:48:13 PM [vite] Internal server error: Transform failed with 1 error:
/home/workspace/src/components/Hero3D.jsx:85:14: ERROR: Expected ")" but found "as"
  Plugin: vite:esbuild
  File: /home/workspace/src/components/Hero3D.jsx:85:14
  
  Expected ")" but found "as"
  83 |        active.tagName === 'INPUT' ||
  84 |        active.tagName === 'TEXTAREA' ||
  85 |        (active as HTMLElement).isContentEditable
     |                ^
  86 |      )
  87 |  
  
      at failureErrorWithLog (/home/workspace/node_modules/esbuild/lib/main.js:1472:15)
      at /home/workspace/node_modules/esbuild/lib/main.js:755:50
      at responseCallbacks.<computed> (/home/workspace/node_modules/esbuild/lib/main.js:622:9)
      at handleIncomingPacket (/home/workspace/node_modules/esbuild/lib/main.js:677:12)
      at Socket.readFromStdout (/home/workspace/node_modules/esbuild/lib/main.js:600:7)
      at Socket.emit (node:events:508:28)
      at addChunk (node:internal/streams/readable:559:12)
      at readableAddChunkPushByteMode (node:internal/streams/readable:510:3)
      at Readable.push (node:internal/streams/readable:390:5)
      at Pipe.onStreamRead (node:internal/stream_base_commons:189:23)
1:48:35 PM [vite] Internal server error: Transform failed with 1 error:
/home/workspace/src/components/Hero3D.jsx:85:14: ERROR: Expected ")" but found "as"
  Plugin: vite:esbuild
  File: /home/workspace/src/components/Hero3D.jsx:85:14
  
  Expected ")" but found "as"
  83 |        active.tagName === 'INPUT' ||
  84 |        active.tagName === 'TEXTAREA' ||
  85 |        (active as HTMLElement).isContentEditable
     |                ^
  86 |      )
  87 |  
  
      at failureErrorWithLog (/home/workspace/node_modules/esbuild/lib/main.js:1472:15)
      at /home/workspace/node_modules/esbuild/lib/main.js:755:50
      at responseCallbacks.<computed> (/home/workspace/node_modules/esbuild/lib/main.js:622:9)
      at handleIncomingPacket (/home/workspace/node_modules/esbuild/lib/main.js:677:12)
      at Socket.readFromStdout (/home/workspace/node_modules/esbuild/lib/main.js:600:7)
      at Socket.emit (node:events:508:28)
      at addChunk (node:internal/streams/readable:559:12)
      at readableAddChunkPushByteMode (node:internal/streams/readable:510:3)
      at Readable.push (node:internal/streams/readable:390:5)
      at Pipe.onStreamRead (node:internal/stream_base_commons:189:23)
